execve("./hello-syscall", ["hello-syscall"], 0x7ffe493bb540 /* 41 vars */) = 0
brk(NULL)                               = 0x56069853d000
arch_prctl(0x3001 /* ARCH_??? */, 0x7ffd91281ac0) = -1 EINVAL (Invalid argument)
mmap(NULL, 8192, PROT_READ|PROT_WRITE, MAP_PRIVATE|MAP_ANONYMOUS, -1, 0) = 0x7f162aa9b000
access("/etc/ld.so.preload", R_OK)      = -1 ENOENT (No such file or directory)
openat(AT_FDCWD, "tls/haswell/avx512_1/x86_64/libc.so.6", O_RDONLY|O_CLOEXEC) = -1 ENOENT (No such file or directory)
openat(AT_FDCWD, "tls/haswell/avx512_1/libc.so.6", O_RDONLY|O_CLOEXEC) = -1 ENOENT (No such file or directory)
openat(AT_FDCWD, "tls/haswell/x86_64/libc.so.6", O_RDONLY|O_CLOEXEC) = -1 ENOENT (No such file or directory)
openat(AT_FDCWD, "tls/haswell/libc.so.6", O_RDONLY|O_CLOEXEC) = -1 ENOENT (No such file or directory)
openat(AT_FDCWD, "tls/avx512_1/x86_64/libc.so.6", O_RDONLY|O_CLOEXEC) = -1 ENOENT (No such file or directory)
openat(AT_FDCWD, "tls/avx512_1/libc.so.6", O_RDONLY|O_CLOEXEC) = -1 ENOENT (No such file or directory)
openat(AT_FDCWD, "tls/x86_64/libc.so.6", O_RDONLY|O_CLOEXEC) = -1 ENOENT (No such file or directory)
openat(AT_FDCWD, "tls/libc.so.6", O_RDONLY|O_CLOEXEC) = -1 ENOENT (No such file or directory)
openat(AT_FDCWD, "haswell/avx512_1/x86_64/libc.so.6", O_RDONLY|O_CLOEXEC) = -1 ENOENT (No such file or directory)
openat(AT_FDCWD, "haswell/avx512_1/libc.so.6", O_RDONLY|O_CLOEXEC) = -1 ENOENT (No such file or directory)
openat(AT_FDCWD, "haswell/x86_64/libc.so.6", O_RDONLY|O_CLOEXEC) = -1 ENOENT (No such file or directory)
openat(AT_FDCWD, "haswell/libc.so.6", O_RDONLY|O_CLOEXEC) = -1 ENOENT (No such file or directory)
openat(AT_FDCWD, "avx512_1/x86_64/libc.so.6", O_RDONLY|O_CLOEXEC) = -1 ENOENT (No such file or directory)
openat(AT_FDCWD, "avx512_1/libc.so.6", O_RDONLY|O_CLOEXEC) = -1 ENOENT (No such file or directory)
openat(AT_FDCWD, "x86_64/libc.so.6", O_RDONLY|O_CLOEXEC) = -1 ENOENT (No such file or directory)
openat(AT_FDCWD, "libc.so.6", O_RDONLY|O_CLOEXEC) = -1 ENOENT (No such file or directory)
openat(AT_FDCWD, "/opt/oracle/instantclient_19_8/tls/haswell/avx512_1/x86_64/libc.so.6", O_RDONLY|O_CLOEXEC) = -1 ENOENT (No such file or directory)
stat("/opt/oracle/instantclient_19_8/tls/haswell/avx512_1/x86_64", 0x7ffd91280d10) = -1 ENOENT (No such file or directory)
openat(AT_FDCWD, "/opt/oracle/instantclient_19_8/tls/haswell/avx512_1/libc.so.6", O_RDONLY|O_CLOEXEC) = -1 ENOENT (No such file or directory)
stat("/opt/oracle/instantclient_19_8/tls/haswell/avx512_1", 0x7ffd91280d10) = -1 ENOENT (No such file or directory)
openat(AT_FDCWD, "/opt/oracle/instantclient_19_8/tls/haswell/x86_64/libc.so.6", O_RDONLY|O_CLOEXEC) = -1 ENOENT (No such file or directory)
stat("/opt/oracle/instantclient_19_8/tls/haswell/x86_64", 0x7ffd91280d10) = -1 ENOENT (No such file or directory)
openat(AT_FDCWD, "/opt/oracle/instantclient_19_8/tls/haswell/libc.so.6", O_RDONLY|O_CLOEXEC) = -1 ENOENT (No such file or directory)
stat("/opt/oracle/instantclient_19_8/tls/haswell", 0x7ffd91280d10) = -1 ENOENT (No such file or directory)
openat(AT_FDCWD, "/opt/oracle/instantclient_19_8/tls/avx512_1/x86_64/libc.so.6", O_RDONLY|O_CLOEXEC) = -1 ENOENT (No such file or directory)
stat("/opt/oracle/instantclient_19_8/tls/avx512_1/x86_64", 0x7ffd91280d10) = -1 ENOENT (No such file or directory)
openat(AT_FDCWD, "/opt/oracle/instantclient_19_8/tls/avx512_1/libc.so.6", O_RDONLY|O_CLOEXEC) = -1 ENOENT (No such file or directory)
stat("/opt/oracle/instantclient_19_8/tls/avx512_1", 0x7ffd91280d10) = -1 ENOENT (No such file or directory)
openat(AT_FDCWD, "/opt/oracle/instantclient_19_8/tls/x86_64/libc.so.6", O_RDONLY|O_CLOEXEC) = -1 ENOENT (No such file or directory)
stat("/opt/oracle/instantclient_19_8/tls/x86_64", 0x7ffd91280d10) = -1 ENOENT (No such file or directory)
openat(AT_FDCWD, "/opt/oracle/instantclient_19_8/tls/libc.so.6", O_RDONLY|O_CLOEXEC) = -1 ENOENT (No such file or directory)
stat("/opt/oracle/instantclient_19_8/tls", 0x7ffd91280d10) = -1 ENOENT (No such file or directory)
openat(AT_FDCWD, "/opt/oracle/instantclient_19_8/haswell/avx512_1/x86_64/libc.so.6", O_RDONLY|O_CLOEXEC) = -1 ENOENT (No such file or directory)
stat("/opt/oracle/instantclient_19_8/haswell/avx512_1/x86_64", 0x7ffd91280d10) = -1 ENOENT (No such file or directory)
openat(AT_FDCWD, "/opt/oracle/instantclient_19_8/haswell/avx512_1/libc.so.6", O_RDONLY|O_CLOEXEC) = -1 ENOENT (No such file or directory)
stat("/opt/oracle/instantclient_19_8/haswell/avx512_1", 0x7ffd91280d10) = -1 ENOENT (No such file or directory)
openat(AT_FDCWD, "/opt/oracle/instantclient_19_8/haswell/x86_64/libc.so.6", O_RDONLY|O_CLOEXEC) = -1 ENOENT (No such file or directory)
stat("/opt/oracle/instantclient_19_8/haswell/x86_64", 0x7ffd91280d10) = -1 ENOENT (No such file or directory)
openat(AT_FDCWD, "/opt/oracle/instantclient_19_8/haswell/libc.so.6", O_RDONLY|O_CLOEXEC) = -1 ENOENT (No such file or directory)
stat("/opt/oracle/instantclient_19_8/haswell", 0x7ffd91280d10) = -1 ENOENT (No such file or directory)
openat(AT_FDCWD, "/opt/oracle/instantclient_19_8/avx512_1/x86_64/libc.so.6", O_RDONLY|O_CLOEXEC) = -1 ENOENT (No such file or directory)
stat("/opt/oracle/instantclient_19_8/avx512_1/x86_64", 0x7ffd91280d10) = -1 ENOENT (No such file or directory)
openat(AT_FDCWD, "/opt/oracle/instantclient_19_8/avx512_1/libc.so.6", O_RDONLY|O_CLOEXEC) = -1 ENOENT (No such file or directory)
stat("/opt/oracle/instantclient_19_8/avx512_1", 0x7ffd91280d10) = -1 ENOENT (No such file or directory)
openat(AT_FDCWD, "/opt/oracle/instantclient_19_8/x86_64/libc.so.6", O_RDONLY|O_CLOEXEC) = -1 ENOENT (No such file or directory)
stat("/opt/oracle/instantclient_19_8/x86_64", 0x7ffd91280d10) = -1 ENOENT (No such file or directory)
openat(AT_FDCWD, "/opt/oracle/instantclient_19_8/libc.so.6", O_RDONLY|O_CLOEXEC) = -1 ENOENT (No such file or directory)
stat("/opt/oracle/instantclient_19_8", {st_mode=S_IFDIR|S_ISGID|0755, st_size=4096, ...}) = 0
openat(AT_FDCWD, "/etc/ld.so.cache", O_RDONLY|O_CLOEXEC) = 3
fstat(3, {st_mode=S_IFREG|0644, st_size=206193, ...}) = 0
mmap(NULL, 206193, PROT_READ, MAP_PRIVATE, 3, 0) = 0x7f162aa68000
close(3)                                = 0
openat(AT_FDCWD, "/lib/x86_64-linux-gnu/libc.so.6", O_RDONLY|O_CLOEXEC) = 3
read(3, "\177ELF\2\1\1\3\0\0\0\0\0\0\0\0\3\0>\0\1\0\0\0\360q\2\0\0\0\0\0"..., 832) = 832
pread64(3, "\6\0\0\0\4\0\0\0@\0\0\0\0\0\0\0@\0\0\0\0\0\0\0@\0\0\0\0\0\0\0"..., 784, 64) = 784
pread64(3, "\4\0\0\0\20\0\0\0\5\0\0\0GNU\0\2\0\0\300\4\0\0\0\3\0\0\0\0\0\0\0", 32, 848) = 32
pread64(3, "\4\0\0\0\24\0\0\0\3\0\0\0GNU\0\t\233\222%\274\260\320\31\331\326\10\204\276X>\263"..., 68, 880) = 68
fstat(3, {st_mode=S_IFREG|0755, st_size=2029224, ...}) = 0
pread64(3, "\6\0\0\0\4\0\0\0@\0\0\0\0\0\0\0@\0\0\0\0\0\0\0@\0\0\0\0\0\0\0"..., 784, 64) = 784
pread64(3, "\4\0\0\0\20\0\0\0\5\0\0\0GNU\0\2\0\0\300\4\0\0\0\3\0\0\0\0\0\0\0", 32, 848) = 32
pread64(3, "\4\0\0\0\24\0\0\0\3\0\0\0GNU\0\t\233\222%\274\260\320\31\331\326\10\204\276X>\263"..., 68, 880) = 68
mmap(NULL, 2036952, PROT_READ, MAP_PRIVATE|MAP_DENYWRITE, 3, 0) = 0x7f162a876000
mprotect(0x7f162a89b000, 1847296, PROT_NONE) = 0
mmap(0x7f162a89b000, 1540096, PROT_READ|PROT_EXEC, MAP_PRIVATE|MAP_FIXED|MAP_DENYWRITE, 3, 0x25000) = 0x7f162a89b000
mmap(0x7f162aa13000, 303104, PROT_READ, MAP_PRIVATE|MAP_FIXED|MAP_DENYWRITE, 3, 0x19d000) = 0x7f162aa13000
mmap(0x7f162aa5e000, 24576, PROT_READ|PROT_WRITE, MAP_PRIVATE|MAP_FIXED|MAP_DENYWRITE, 3, 0x1e7000) = 0x7f162aa5e000
mmap(0x7f162aa64000, 13528, PROT_READ|PROT_WRITE, MAP_PRIVATE|MAP_FIXED|MAP_ANONYMOUS, -1, 0) = 0x7f162aa64000
close(3)                                = 0
mmap(NULL, 8192, PROT_READ|PROT_WRITE, MAP_PRIVATE|MAP_ANONYMOUS, -1, 0) = 0x7f162a874000
arch_prctl(ARCH_SET_FS, 0x7f162aa9c600) = 0
mprotect(0x7f162aa5e000, 12288, PROT_READ) = 0
mprotect(0x560696f69000, 4096, PROT_READ) = 0
mprotect(0x7f162aaca000, 4096, PROT_READ) = 0
munmap(0x7f162aa68000, 206193)          = 0
write(1, "Hello World without syscall\n", 28) = 28
write(1, "Hello World with syscall\n", 25) = 25
fstat(1, {st_mode=S_IFCHR|0620, st_rdev=makedev(0x88, 0x83), ...}) = 0
brk(NULL)                               = 0x56069853d000
brk(0x56069855e000)                     = 0x56069855e000
write(1, "Hello World with printf\n", 24) = 24
exit_group(24)                          = ?
+++ exited with 24 +++
